0 info it worked if it ends with ok
1 verbose cli [ '/usr/local/bin/node', '/usr/local/bin/npm', 'install', 'jwt' ]
2 info using npm@2.14.7
3 info using node@v4.2.1
4 verbose install initial load of /Users/Matt/Dev/FormBuilder/package.json
5 verbose installManyTop reading scoped package data from /Users/Matt/Dev/FormBuilder/node_modules/bcrypt-nodejs/package.json
6 verbose installManyTop reading scoped package data from /Users/Matt/Dev/FormBuilder/node_modules/body-parser/package.json
7 verbose installManyTop reading scoped package data from /Users/Matt/Dev/FormBuilder/node_modules/cors/package.json
8 verbose installManyTop reading scoped package data from /Users/Matt/Dev/FormBuilder/node_modules/express/package.json
9 verbose installManyTop reading scoped package data from /Users/Matt/Dev/FormBuilder/node_modules/mongodb/package.json
10 verbose installManyTop reading scoped package data from /Users/Matt/Dev/FormBuilder/node_modules/mongodb-uri/package.json
11 verbose installManyTop reading scoped package data from /Users/Matt/Dev/FormBuilder/node_modules/mongoose/package.json
12 verbose installManyTop reading scoped package data from /Users/Matt/Dev/FormBuilder/node_modules/node/package.json
13 verbose installManyTop reading scoped package data from /Users/Matt/Dev/FormBuilder/node_modules/node-gyp/package.json
14 verbose installManyTop reading scoped package data from /Users/Matt/Dev/FormBuilder/node_modules/nodemailer/package.json
15 verbose installManyTop reading scoped package data from /Users/Matt/Dev/FormBuilder/node_modules/passport/package.json
16 verbose installManyTop reading scoped package data from /Users/Matt/Dev/FormBuilder/node_modules/passport-http/package.json
17 info package.json cors@2.5.3 No license field.
18 info package.json node@0.0.0 No description
19 info package.json node@0.0.0 No repository field.
20 info package.json node@0.0.0 No README data
21 info package.json node@0.0.0 No license field.
22 info package.json passport@0.2.1 No license field.
23 info package.json passport-http@0.2.2 No license field.
24 info package.json bcrypt-nodejs@0.0.3 No license field.
25 info package.json mongodb@1.4.34 No license field.
26 verbose readDependencies loading dependencies from /Users/Matt/Dev/FormBuilder/package.json
27 silly cache add args [ 'jwt', null ]
28 verbose cache add spec jwt
29 silly cache add parsed spec Result {
29 silly cache add   raw: 'jwt',
29 silly cache add   scope: null,
29 silly cache add   name: 'jwt',
29 silly cache add   rawSpec: '',
29 silly cache add   spec: '*',
29 silly cache add   type: 'range' }
30 silly addNamed jwt@*
31 verbose addNamed "*" is a valid semver range for jwt
32 silly addNameRange { name: 'jwt', range: '*', hasData: false }
33 silly mapToRegistry name jwt
34 silly mapToRegistry using default registry
35 silly mapToRegistry registry https://registry.npmjs.org/
36 silly mapToRegistry uri https://registry.npmjs.org/jwt
37 verbose addNameRange registry:https://registry.npmjs.org/jwt not in flight; fetching
38 verbose request uri https://registry.npmjs.org/jwt
39 verbose request no auth needed
40 info attempt registry request try #1 at 6:32:23 PM
41 verbose request id 6cfc71a6ecc408b2
42 verbose etag "AAKFQU614IJE1I87FIXAWX2FW"
43 http request GET https://registry.npmjs.org/jwt
44 http 304 https://registry.npmjs.org/jwt
45 verbose headers { date: 'Sun, 25 Oct 2015 16:32:24 GMT',
45 verbose headers   via: '1.1 varnish',
45 verbose headers   'cache-control': 'max-age=60',
45 verbose headers   etag: '"AAKFQU614IJE1I87FIXAWX2FW"',
45 verbose headers   age: '0',
45 verbose headers   connection: 'keep-alive',
45 verbose headers   'x-served-by': 'cache-ams4128-AMS',
45 verbose headers   'x-cache': 'MISS',
45 verbose headers   'x-cache-hits': '0',
45 verbose headers   'x-timer': 'S1445790744.819752,VS0,VE170',
45 verbose headers   vary: 'Accept' }
46 silly get cb [ 304,
46 silly get   { date: 'Sun, 25 Oct 2015 16:32:24 GMT',
46 silly get     via: '1.1 varnish',
46 silly get     'cache-control': 'max-age=60',
46 silly get     etag: '"AAKFQU614IJE1I87FIXAWX2FW"',
46 silly get     age: '0',
46 silly get     connection: 'keep-alive',
46 silly get     'x-served-by': 'cache-ams4128-AMS',
46 silly get     'x-cache': 'MISS',
46 silly get     'x-cache-hits': '0',
46 silly get     'x-timer': 'S1445790744.819752,VS0,VE170',
46 silly get     vary: 'Accept' } ]
47 verbose etag https://registry.npmjs.org/jwt from cache
48 verbose get saving jwt to /Users/Matt/.npm/registry.npmjs.org/jwt/.cache.json
49 silly addNameRange number 2 { name: 'jwt', range: '*', hasData: true }
50 silly addNameRange versions [ 'jwt', [ '0.1.0', '0.2.0' ] ]
51 silly addNamed jwt@0.2.0
52 verbose addNamed "0.2.0" is a plain semver version for jwt
53 silly cache afterAdd jwt@0.2.0
54 verbose afterAdd /Users/Matt/.npm/jwt/0.2.0/package/package.json not in flight; writing
55 verbose afterAdd /Users/Matt/.npm/jwt/0.2.0/package/package.json written
56 silly install resolved [ { name: 'jwt',
56 silly install resolved     description: 'JSON Web Token for node.js',
56 silly install resolved     version: '0.2.0',
56 silly install resolved     repository:
56 silly install resolved      { type: 'git',
56 silly install resolved        url: 'git://github.com/mattrobenolt/jwt-node.git' },
56 silly install resolved     author: { name: 'Michael Hanson/Matt Robenolt' },
56 silly install resolved     main: './lib/jwt',
56 silly install resolved     directories: { lib: 'lib' },
56 silly install resolved     engines: { node: '*' },
56 silly install resolved     dependencies: { 'node-base64': '0.0.1' },
56 silly install resolved     _npmUser: { name: 'mattrobenolt', email: 'matt@ydekproductions.com' },
56 silly install resolved     _id: 'jwt@0.2.0',
56 silly install resolved     devDependencies: {},
56 silly install resolved     optionalDependencies: {},
56 silly install resolved     _engineSupported: true,
56 silly install resolved     _npmVersion: '1.1.9',
56 silly install resolved     _nodeVersion: 'v0.6.13',
56 silly install resolved     _defaultsLoaded: true,
56 silly install resolved     dist:
56 silly install resolved      { shasum: '4c9ad46bc84bfeaf91556ecce7c57aa578cbc8b8',
56 silly install resolved        tarball: 'http://registry.npmjs.org/jwt/-/jwt-0.2.0.tgz' },
56 silly install resolved     readme: '# jwt-node\n  \n  A slight adaptation of [jwt-js](https://github.com/michaelrhanson/jwt-js) for Node.\n  \n     var jwt = require(\'jwt\'),\n         payload = {\n             scope: \'client:outgoing?clientName=matt\',\n             iss: \'APP_SID\',\n             expires: Math.round((new Date().getTime()/1000)) + 3600\n         },\n         token = new jwt.WebToken(JSON.stringify(payload), JSON.stringify({typ:\'JWT\', alg:\'HS256\'}));\n      console.log(token.serialize(\'hmackey\'));\n\n## Installation\n  \n     $ npm install jwt\n\n## Known Issues\n  \n  * _none_\n\n## Licenses\n\nVersion: MPL 1.1/GPL 2.0/LGPL 2.1\n\nThe contents of this file are subject to the Mozilla Public License Version\n1.1 (the "License"); you may not use this file except in compliance with\nthe License. You may obtain a copy of the License at\nhttp://www.mozilla.org/MPL/\n\nSoftware distributed under the License is distributed on an "AS IS" basis,\nWITHOUT WARRANTY OF ANY KIND, either express or implied. See the License\nfor the specific language governing rights and limitations under the\nLicense.\n\nContributor(s):\n  Michael Hanson <mhanson@mozilla.com>\n\nAlternatively, the contents of this file may be used under the terms of\neither the GNU General Public License Version 2 or later (the "GPL"), or\nthe GNU Lesser General Public License Version 2.1 or later (the "LGPL"),\nin which case the provisions of the GPL or the LGPL are applicable instead\nof those above. If you wish to allow use of your version of this file only\nunder the terms of either the GPL or the LGPL, and not to allow others to\nuse your version of this file under the terms of the MPL, indicate your\ndecision by deleting the provisions above and replace them with the notice\nand other provisions required by the GPL or the LGPL. If you do not delete\nthe provisions above, a recipient may use your version of this file under\nthe terms of any one of the MPL, the GPL or the LGPL.\n\n\n\nCopyright (c) 2011 Matt Robenolt &lt;root@drund.com&gt;\n\nPermission is hereby granted, free of charge, to any person obtaining\na copy of this software and associated documentation files (the\n\'Software\'), to deal in the Software without restriction, including\nwithout limitation the rights to use, copy, modify, merge, publish,\ndistribute, sublicense, and/or sell copies of the Software, and to\npermit persons to whom the Software is furnished to do so, subject to\nthe following conditions:\n\nThe above copyright notice and this permission notice shall be\nincluded in all copies or substantial portions of the Software.\n\nTHE SOFTWARE IS PROVIDED \'AS IS\', WITHOUT WARRANTY OF ANY KIND,\nEXPRESS OR IMPLIED, INCLUDING BUT NOT LIMITED TO THE WARRANTIES OF\nMERCHANTABILITY, FITNESS FOR A PARTICULAR PURPOSE AND NONINFRINGEMENT.\nIN NO EVENT SHALL THE AUTHORS OR COPYRIGHT HOLDERS BE LIABLE FOR ANY\nCLAIM, DAMAGES OR OTHER LIABILITY, WHETHER IN AN ACTION OF CONTRACT,\nTORT OR OTHERWISE, ARISING FROM, OUT OF OR IN CONNECTION WITH THE\nSOFTWARE OR THE USE OR OTHER DEALINGS IN THE SOFTWARE.\n',
56 silly install resolved     maintainers: [ [Object] ],
56 silly install resolved     _shasum: '4c9ad46bc84bfeaf91556ecce7c57aa578cbc8b8',
56 silly install resolved     _resolved: 'https://registry.npmjs.org/jwt/-/jwt-0.2.0.tgz',
56 silly install resolved     _from: 'jwt@*',
56 silly install resolved     bugs: { url: 'https://github.com/mattrobenolt/jwt-node/issues' },
56 silly install resolved     homepage: 'https://github.com/mattrobenolt/jwt-node#readme' } ]
57 info install jwt@0.2.0 into /Users/Matt/Dev/FormBuilder
58 info installOne jwt@0.2.0
59 verbose installOne of jwt to /Users/Matt/Dev/FormBuilder not in flight; installing
60 verbose lock using /Users/Matt/.npm/_locks/jwt-a91396048031e576.lock for /Users/Matt/Dev/FormBuilder/node_modules/jwt
61 silly install write writing jwt 0.2.0 to /Users/Matt/Dev/FormBuilder/node_modules/jwt
62 verbose unbuild node_modules/jwt
63 silly gentlyRm /Users/Matt/Dev/FormBuilder/node_modules/jwt is being purged from base /Users/Matt/Dev/FormBuilder
64 verbose gentlyRm don't care about contents; nuking /Users/Matt/Dev/FormBuilder/node_modules/jwt
65 verbose tar unpack /Users/Matt/.npm/jwt/0.2.0/package.tgz
66 verbose tar unpacking to /Users/Matt/Dev/FormBuilder/node_modules/jwt
67 silly gentlyRm /Users/Matt/Dev/FormBuilder/node_modules/jwt is being purged
68 verbose gentlyRm don't care about contents; nuking /Users/Matt/Dev/FormBuilder/node_modules/jwt
69 silly gunzTarPerm modes [ '755', '644' ]
70 silly gunzTarPerm extractEntry .npmignore
71 silly gunzTarPerm extractEntry lib/
72 silly gunzTarPerm extractEntry lib/jwt.js
73 silly gunzTarPerm extractEntry package.json
74 silly gunzTarPerm extractEntry README.md
75 verbose write writing to /Users/Matt/Dev/FormBuilder/node_modules/jwt/package.json
76 info preinstall jwt@0.2.0
77 verbose readDependencies loading dependencies from /Users/Matt/Dev/FormBuilder/node_modules/jwt/package.json
78 silly prepareForInstallMany adding node-base64@0.0.1 from jwt dependencies
79 verbose readDependencies loading dependencies from /Users/Matt/Dev/FormBuilder/node_modules/jwt/package.json
80 silly cache add args [ 'node-base64@0.0.1', null ]
81 verbose cache add spec node-base64@0.0.1
82 silly cache add parsed spec Result {
82 silly cache add   raw: 'node-base64@0.0.1',
82 silly cache add   scope: null,
82 silly cache add   name: 'node-base64',
82 silly cache add   rawSpec: '0.0.1',
82 silly cache add   spec: '0.0.1',
82 silly cache add   type: 'version' }
83 silly addNamed node-base64@0.0.1
84 verbose addNamed "0.0.1" is a plain semver version for node-base64
85 silly mapToRegistry name node-base64
86 silly mapToRegistry using default registry
87 silly mapToRegistry registry https://registry.npmjs.org/
88 silly mapToRegistry uri https://registry.npmjs.org/node-base64
89 verbose addNameVersion registry:https://registry.npmjs.org/node-base64 not in flight; fetching
90 verbose request uri https://registry.npmjs.org/node-base64
91 verbose request no auth needed
92 info attempt registry request try #1 at 6:32:25 PM
93 verbose etag "59V2E1POWCLAQ5HP9T4R75FDK"
94 http request GET https://registry.npmjs.org/node-base64
95 http 304 https://registry.npmjs.org/node-base64
96 verbose headers { date: 'Sun, 25 Oct 2015 16:32:26 GMT',
96 verbose headers   via: '1.1 varnish',
96 verbose headers   'cache-control': 'max-age=60',
96 verbose headers   etag: '"59V2E1POWCLAQ5HP9T4R75FDK"',
96 verbose headers   age: '0',
96 verbose headers   connection: 'keep-alive',
96 verbose headers   'x-served-by': 'cache-ams4147-AMS',
96 verbose headers   'x-cache': 'MISS',
96 verbose headers   'x-cache-hits': '0',
96 verbose headers   'x-timer': 'S1445790746.079820,VS0,VE701',
96 verbose headers   vary: 'Accept' }
97 silly get cb [ 304,
97 silly get   { date: 'Sun, 25 Oct 2015 16:32:26 GMT',
97 silly get     via: '1.1 varnish',
97 silly get     'cache-control': 'max-age=60',
97 silly get     etag: '"59V2E1POWCLAQ5HP9T4R75FDK"',
97 silly get     age: '0',
97 silly get     connection: 'keep-alive',
97 silly get     'x-served-by': 'cache-ams4147-AMS',
97 silly get     'x-cache': 'MISS',
97 silly get     'x-cache-hits': '0',
97 silly get     'x-timer': 'S1445790746.079820,VS0,VE701',
97 silly get     vary: 'Accept' } ]
98 verbose etag https://registry.npmjs.org/node-base64 from cache
99 verbose get saving node-base64 to /Users/Matt/.npm/registry.npmjs.org/node-base64/.cache.json
100 silly cache afterAdd node-base64@0.0.1
101 verbose afterAdd /Users/Matt/.npm/node-base64/0.0.1/package/package.json not in flight; writing
102 verbose afterAdd /Users/Matt/.npm/node-base64/0.0.1/package/package.json written
103 silly install resolved [ { name: 'node-base64',
103 silly install resolved     version: '0.0.1',
103 silly install resolved     main: './build/default',
103 silly install resolved     description: 'Node.js module for base64 encoding and decoding.',
103 silly install resolved     scripts: { install: './install.sh' },
103 silly install resolved     dependencies: {},
103 silly install resolved     _id: 'node-base64@0.0.1',
103 silly install resolved     engines: { node: '*' },
103 silly install resolved     _nodeSupported: true,
103 silly install resolved     _npmVersion: '0.2.7-2',
103 silly install resolved     _nodeVersion: 'v0.3.1-pre',
103 silly install resolved     dist:
103 silly install resolved      { tarball: 'http://registry.npmjs.org/node-base64/-/node-base64-0.0.1.tgz',
103 silly install resolved        bin: [Object],
103 silly install resolved        shasum: 'ee3e095f97e9f4d72fb3dea98bcb2d25c8716b03' },
103 silly install resolved     directories: {},
103 silly install resolved     _shasum: 'ee3e095f97e9f4d72fb3dea98bcb2d25c8716b03',
103 silly install resolved     _resolved: 'https://registry.npmjs.org/node-base64/-/node-base64-0.0.1.tgz',
103 silly install resolved     _from: 'node-base64@0.0.1',
103 silly install resolved     readme: 'ERROR: No README data found!' } ]
104 info install node-base64@0.0.1 into /Users/Matt/Dev/FormBuilder/node_modules/jwt
105 info installOne node-base64@0.0.1
106 verbose installOne of node-base64 to /Users/Matt/Dev/FormBuilder/node_modules/jwt not in flight; installing
107 verbose lock using /Users/Matt/.npm/_locks/node-base64-9e16990acc652675.lock for /Users/Matt/Dev/FormBuilder/node_modules/jwt/node_modules/node-base64
108 silly install write writing node-base64 0.0.1 to /Users/Matt/Dev/FormBuilder/node_modules/jwt/node_modules/node-base64
109 verbose unbuild node_modules/jwt/node_modules/node-base64
110 silly gentlyRm /Users/Matt/Dev/FormBuilder/node_modules/jwt/node_modules/node-base64 is being purged from base /Users/Matt/Dev/FormBuilder
111 verbose gentlyRm don't care about contents; nuking /Users/Matt/Dev/FormBuilder/node_modules/jwt/node_modules/node-base64
112 verbose tar unpack /Users/Matt/.npm/node-base64/0.0.1/package.tgz
113 verbose tar unpacking to /Users/Matt/Dev/FormBuilder/node_modules/jwt/node_modules/node-base64
114 silly gentlyRm /Users/Matt/Dev/FormBuilder/node_modules/jwt/node_modules/node-base64 is being purged
115 verbose gentlyRm don't care about contents; nuking /Users/Matt/Dev/FormBuilder/node_modules/jwt/node_modules/node-base64
116 silly gunzTarPerm modes [ '755', '644' ]
117 silly gunzTarPerm extractEntry
118 silly gunzTarPerm extractEntry .gitignore
119 silly gunzTarPerm extractEntry base64.cc
120 silly gunzTarPerm extractEntry install.sh
121 silly gunzTarPerm extractEntry js_base64_for_comparsion.js
122 silly gunzTarPerm extractEntry makefile
123 silly gunzTarPerm extractEntry package.json
124 silly gunzTarPerm extractEntry README.md
125 silly gunzTarPerm extractEntry test.js
126 silly gunzTarPerm extractEntry test.php
127 silly gunzTarPerm extractEntry wscript
128 verbose write writing to /Users/Matt/Dev/FormBuilder/node_modules/jwt/node_modules/node-base64/package.json
129 info preinstall node-base64@0.0.1
130 verbose readDependencies loading dependencies from /Users/Matt/Dev/FormBuilder/node_modules/jwt/node_modules/node-base64/package.json
131 verbose readDependencies loading dependencies from /Users/Matt/Dev/FormBuilder/node_modules/jwt/node_modules/node-base64/package.json
132 silly install resolved []
133 verbose about to build /Users/Matt/Dev/FormBuilder/node_modules/jwt/node_modules/node-base64
134 info build /Users/Matt/Dev/FormBuilder/node_modules/jwt/node_modules/node-base64
135 info linkStuff node-base64@0.0.1
136 silly linkStuff node-base64@0.0.1 has /Users/Matt/Dev/FormBuilder/node_modules/jwt/node_modules as its parent node_modules
137 verbose linkBins node-base64@0.0.1
138 verbose linkMans node-base64@0.0.1
139 verbose rebuildBundles node-base64@0.0.1
140 info install node-base64@0.0.1
141 verbose unsafe-perm in lifecycle true
142 info node-base64@0.0.1 Failed to exec install script
143 verbose unlock done using /Users/Matt/.npm/_locks/node-base64-9e16990acc652675.lock for /Users/Matt/Dev/FormBuilder/node_modules/jwt/node_modules/node-base64
144 verbose about to build /Users/Matt/Dev/FormBuilder/node_modules/jwt
145 verbose unlock done using /Users/Matt/.npm/_locks/jwt-a91396048031e576.lock for /Users/Matt/Dev/FormBuilder/node_modules/jwt
146 verbose stack Error: node-base64@0.0.1 install: `./install.sh`
146 verbose stack spawn ENOENT
146 verbose stack     at ChildProcess.<anonymous> (/usr/local/lib/node_modules/npm/lib/utils/spawn.js:17:16)
146 verbose stack     at emitTwo (events.js:87:13)
146 verbose stack     at ChildProcess.emit (events.js:172:7)
146 verbose stack     at maybeClose (internal/child_process.js:818:16)
146 verbose stack     at Process.ChildProcess._handle.onexit (internal/child_process.js:211:5)
147 verbose pkgid node-base64@0.0.1
148 verbose cwd /Users/Matt/Dev/FormBuilder
149 error Darwin 15.0.0
150 error argv "/usr/local/bin/node" "/usr/local/bin/npm" "install" "jwt"
151 error node v4.2.1
152 error npm  v2.14.7
153 error file sh
154 error code ELIFECYCLE
155 error errno ENOENT
156 error syscall spawn
157 error node-base64@0.0.1 install: `./install.sh`
157 error spawn ENOENT
158 error Failed at the node-base64@0.0.1 install script './install.sh'.
158 error This is most likely a problem with the node-base64 package,
158 error not with npm itself.
158 error Tell the author that this fails on your system:
158 error     ./install.sh
158 error You can get their info via:
158 error     npm owner ls node-base64
158 error There is likely additional logging output above.
159 verbose exit [ 1, true ]
160 verbose unbuild node_modules/jwt/node_modules/node-base64
161 info preuninstall node-base64@0.0.1
162 info uninstall node-base64@0.0.1
163 verbose unbuild rmStuff node-base64@0.0.1 from /Users/Matt/Dev/FormBuilder/node_modules
164 verbose unbuild rmStuff in /Users/Matt/Dev/FormBuilder/node_modules/jwt/node_modules
165 info postuninstall node-base64@0.0.1
166 silly gentlyRm /Users/Matt/Dev/FormBuilder/node_modules/jwt/node_modules/node-base64 is being purged from base /Users/Matt/Dev/FormBuilder
167 verbose gentlyRm don't care about contents; nuking /Users/Matt/Dev/FormBuilder/node_modules/jwt/node_modules/node-base64
168 silly vacuum-fs purging /Users/Matt/Dev/FormBuilder/node_modules/jwt/node_modules/node-base64
169 silly vacuum-fs removing /Users/Matt/Dev/FormBuilder/node_modules/jwt/node_modules
170 silly vacuum-fs quitting because other entries in /Users/Matt/Dev/FormBuilder/node_modules/jwt
171 verbose unbuild node_modules/jwt
172 info preuninstall jwt@0.2.0
173 info uninstall jwt@0.2.0
174 verbose unbuild rmStuff jwt@0.2.0 from /Users/Matt/Dev/FormBuilder/node_modules
175 info postuninstall jwt@0.2.0
176 silly gentlyRm /Users/Matt/Dev/FormBuilder/node_modules/jwt is being purged from base /Users/Matt/Dev/FormBuilder
177 verbose gentlyRm don't care about contents; nuking /Users/Matt/Dev/FormBuilder/node_modules/jwt
178 silly vacuum-fs purging /Users/Matt/Dev/FormBuilder/node_modules/jwt
179 silly vacuum-fs quitting because other entries in /Users/Matt/Dev/FormBuilder/node_modules
